23:39:04.024 | INFO    | prefect - Starting temporary server on http://127.0.0.1:8282
See https://docs.prefect.io/v3/concepts/server#how-to-guides for more information on running a dedicated Prefect server.
23:39:08.374 | INFO    | Flow run 'spiked-wildebeest' - Beginning flow run 'spiked-wildebeest' for flow 'fake-store-etl'
23:39:08.579 | INFO    | Task run 'extract_t-3a2' - Finished in state Completed()
23:39:08.640 | INFO    | Task run 'transform_t-fb8' - Finished in state Completed()
23:39:08.755 | INFO    | Task run 'load_t-087' - Finished in state Completed()
23:39:08.755 | ERROR   | Flow run 'spiked-wildebeest' - Encountered exception during execution: UnicodeEncodeError('charmap', '\u2705 ETL Flow complete. Output: data\\curated\\products.parquet', 0, 1, 'character maps to <undefined>')
Traceback (most recent call last):
  File "C:\Users\admin\OneDrive\Documents\fake-store-pipeline\.venv\Lib\site-packages\prefect\flow_engine.py", line 788, in run_context
    yield self
  File "C:\Users\admin\OneDrive\Documents\fake-store-pipeline\.venv\Lib\site-packages\prefect\flow_engine.py", line 1409, in run_flow_sync
    engine.call_flow_fn()
  File "C:\Users\admin\OneDrive\Documents\fake-store-pipeline\.venv\Lib\site-packages\prefect\flow_engine.py", line 808, in call_flow_fn
    result = call_with_parameters(self.flow.fn, self.parameters)
             ^^^^^^^^^^^^^^^^^^^^^^^^^^^^^^^^^^^^^^^^^^^^^^^^^^^
  File "C:\Users\admin\OneDrive\Documents\fake-store-pipeline\.venv\Lib\site-packages\prefect\utilities\callables.py", line 210, in call_with_parameters
    return fn(*args, **kwargs)
           ^^^^^^^^^^^^^^^^^^^
  File "C:\Users\admin\OneDrive\Documents\fake-store-pipeline\flows.py", line 23, in run_pipeline
    print(f"\u2705 ETL Flow complete. Output: {pq}")
  File "C:\Program Files\Python311\Lib\encodings\cp1252.py", line 19, in encode
    return codecs.charmap_encode(input,self.errors,encoding_table)[0]
           ^^^^^^^^^^^^^^^^^^^^^^^^^^^^^^^^^^^^^^^^^^^^^^^^^^^^^^^
UnicodeEncodeError: 'charmap' codec can't encode character '\u2705' in position 0: character maps to <undefined>
23:39:08.787 | INFO    | Flow run 'spiked-wildebeest' - Finished in state Failed("Flow run encountered an exception: UnicodeEncodeError: 'charmap' codec can't encode character '\\u2705' in position 0: character maps to <undefined>")
Traceback (most recent call last):
  File "C:\Users\admin\OneDrive\Documents\fake-store-pipeline\flows.py", line 26, in <module>
    run_pipeline()
  File "C:\Users\admin\OneDrive\Documents\fake-store-pipeline\.venv\Lib\site-packages\prefect\flows.py", line 1708, in __call__
    return run_flow(
           ^^^^^^^^^
  File "C:\Users\admin\OneDrive\Documents\fake-store-pipeline\.venv\Lib\site-packages\prefect\flow_engine.py", line 1566, in run_flow
    ret_val = run_flow_sync(**kwargs)
              ^^^^^^^^^^^^^^^^^^^^^^^
  File "C:\Users\admin\OneDrive\Documents\fake-store-pipeline\.venv\Lib\site-packages\prefect\flow_engine.py", line 1411, in run_flow_sync
    return engine.state if return_type == "state" else engine.result()
                                                       ^^^^^^^^^^^^^^^
  File "C:\Users\admin\OneDrive\Documents\fake-store-pipeline\.venv\Lib\site-packages\prefect\flow_engine.py", line 361, in result
    raise self._raised
  File "C:\Users\admin\OneDrive\Documents\fake-store-pipeline\.venv\Lib\site-packages\prefect\flow_engine.py", line 788, in run_context
    yield self
  File "C:\Users\admin\OneDrive\Documents\fake-store-pipeline\.venv\Lib\site-packages\prefect\flow_engine.py", line 1409, in run_flow_sync
    engine.call_flow_fn()
  File "C:\Users\admin\OneDrive\Documents\fake-store-pipeline\.venv\Lib\site-packages\prefect\flow_engine.py", line 808, in call_flow_fn
    result = call_with_parameters(self.flow.fn, self.parameters)
             ^^^^^^^^^^^^^^^^^^^^^^^^^^^^^^^^^^^^^^^^^^^^^^^^^^^
  File "C:\Users\admin\OneDrive\Documents\fake-store-pipeline\.venv\Lib\site-packages\prefect\utilities\callables.py", line 210, in call_with_parameters
    return fn(*args, **kwargs)
           ^^^^^^^^^^^^^^^^^^^
  File "C:\Users\admin\OneDrive\Documents\fake-store-pipeline\flows.py", line 23, in run_pipeline
    print(f"\u2705 ETL Flow complete. Output: {pq}")
  File "C:\Program Files\Python311\Lib\encodings\cp1252.py", line 19, in encode
    return codecs.charmap_encode(input,self.errors,encoding_table)[0]
           ^^^^^^^^^^^^^^^^^^^^^^^^^^^^^^^^^^^^^^^^^^^^^^^^^^^^^^^
UnicodeEncodeError: 'charmap' codec can't encode character '\u2705' in position 0: character maps to <undefined>
23:39:08.807 | INFO    | prefect - Stopping temporary server on http://127.0.0.1:8282
